<?xml version="1.0" encoding="UTF-8"?>
<!-- Generated by org.testng.reporters.JUnitReportReporter -->
<testsuite skipped="0" hostname="DESKTOP-NUOK5F5" name="FrameWork.TestNG.TestNGBasics" tests="2" failures="0" timestamp="01 Jun 2019 18:48:22 GMT" time="0.009" errors="0">
  <testcase name="Aftercase" time="0.007" classname="FrameWork.TestNG.TestNGBasics"/>
  <testcase name="testCase" time="0.002" classname="FrameWork.TestNG.TestNGBasics"/>
</testsuite> <!-- FrameWork.TestNG.TestNGBasics -->
